<?xml version="1.0" encoding="UTF-8"?>
<testsuite xmlns:xsi="http://www.w3.org/2001/XMLSchema-instance" xsi:noNamespaceSchemaLocation="https://maven.apache.org/surefire/maven-surefire-plugin/xsd/surefire-test-report-3.0.xsd" version="3.0" name="com.example.TesteEstoque" time="3.56" tests="7" errors="0" skipped="0" failures="0">
  <properties>
    <property name="java.specification.version" value="22"/>
    <property name="sun.cpu.isalist" value="amd64"/>
    <property name="sun.jnu.encoding" value="Cp1252"/>
    <property name="java.class.path" value="C:\Users\luan2\OneDrive\Documentos\Jogos_Projeto\jogos_projeto-Padrao_Projeto_Maven\demo\target\test-classes;C:\Users\luan2\OneDrive\Documentos\Jogos_Projeto\jogos_projeto-Padrao_Projeto_Maven\demo\target\classes;C:\Users\luan2\.m2\repository\org\junit\jupiter\junit-jupiter-api\5.6.0\junit-jupiter-api-5.6.0.jar;C:\Users\luan2\.m2\repository\org\apiguardian\apiguardian-api\1.1.0\apiguardian-api-1.1.0.jar;C:\Users\luan2\.m2\repository\org\opentest4j\opentest4j\1.2.0\opentest4j-1.2.0.jar;C:\Users\luan2\.m2\repository\org\junit\platform\junit-platform-commons\1.6.0\junit-platform-commons-1.6.0.jar;C:\Users\luan2\.m2\repository\org\junit\jupiter\junit-jupiter-engine\5.6.0\junit-jupiter-engine-5.6.0.jar;C:\Users\luan2\.m2\repository\org\junit\platform\junit-platform-engine\1.6.0\junit-platform-engine-1.6.0.jar;"/>
    <property name="sun.awt.enableExtraMouseButtons" value="true"/>
    <property name="java.vm.vendor" value="Azul Systems, Inc."/>
    <property name="sun.arch.data.model" value="64"/>
    <property name="user.variant" value=""/>
    <property name="java.vendor.url" value="http://www.azul.com/"/>
    <property name="user.timezone" value="America/Sao_Paulo"/>
    <property name="os.name" value="Windows 11"/>
    <property name="java.vm.specification.version" value="22"/>
    <property name="sun.java.launcher" value="SUN_STANDARD"/>
    <property name="user.country" value="BR"/>
    <property name="sun.boot.library.path" value="C:\Program Files\Java\zulu22.32.15-ca-jdk22.0.2-win_x64\bin"/>
    <property name="sun.java.command" value="C:\Users\luan2\AppData\Local\Temp\surefire6038684882437853521\surefirebooter7865315514462811467.jar C:\Users\luan2\AppData\Local\Temp\surefire6038684882437853521 2024-08-04T15-39-58_411-jvmRun1 surefire6493693691978480975tmp surefire_01968802981801206660tmp"/>
    <property name="jdk.debug" value="release"/>
    <property name="surefire.test.class.path" value="C:\Users\luan2\OneDrive\Documentos\Jogos_Projeto\jogos_projeto-Padrao_Projeto_Maven\demo\target\test-classes;C:\Users\luan2\OneDrive\Documentos\Jogos_Projeto\jogos_projeto-Padrao_Projeto_Maven\demo\target\classes;C:\Users\luan2\.m2\repository\org\junit\jupiter\junit-jupiter-api\5.6.0\junit-jupiter-api-5.6.0.jar;C:\Users\luan2\.m2\repository\org\apiguardian\apiguardian-api\1.1.0\apiguardian-api-1.1.0.jar;C:\Users\luan2\.m2\repository\org\opentest4j\opentest4j\1.2.0\opentest4j-1.2.0.jar;C:\Users\luan2\.m2\repository\org\junit\platform\junit-platform-commons\1.6.0\junit-platform-commons-1.6.0.jar;C:\Users\luan2\.m2\repository\org\junit\jupiter\junit-jupiter-engine\5.6.0\junit-jupiter-engine-5.6.0.jar;C:\Users\luan2\.m2\repository\org\junit\platform\junit-platform-engine\1.6.0\junit-platform-engine-1.6.0.jar;"/>
    <property name="sun.cpu.endian" value="little"/>
    <property name="user.home" value="C:\Users\luan2"/>
    <property name="user.language" value="pt"/>
    <property name="java.specification.vendor" value="Oracle Corporation"/>
    <property name="java.version.date" value="2024-07-16"/>
    <property name="java.home" value="C:\Program Files\Java\zulu22.32.15-ca-jdk22.0.2-win_x64"/>
    <property name="file.separator" value="\"/>
    <property name="basedir" value="C:\Users\luan2\OneDrive\Documentos\Jogos_Projeto\jogos_projeto-Padrao_Projeto_Maven\demo"/>
    <property name="java.vm.compressedOopsMode" value="Zero based"/>
    <property name="line.separator" value="&#10;"/>
    <property name="java.vm.specification.vendor" value="Oracle Corporation"/>
    <property name="java.specification.name" value="Java Platform API Specification"/>
    <property name="surefire.real.class.path" value="C:\Users\luan2\AppData\Local\Temp\surefire6038684882437853521\surefirebooter7865315514462811467.jar"/>
    <property name="user.script" value=""/>
    <property name="sun.management.compiler" value="HotSpot 64-Bit Tiered Compilers"/>
    <property name="java.runtime.version" value="22.0.2+9"/>
    <property name="user.name" value="luan2"/>
    <property name="stdout.encoding" value="Cp1252"/>
    <property name="path.separator" value=";"/>
    <property name="os.version" value="10.0"/>
    <property name="java.runtime.name" value="OpenJDK Runtime Environment"/>
    <property name="file.encoding" value="UTF-8"/>
    <property name="java.vm.name" value="OpenJDK 64-Bit Server VM"/>
    <property name="java.vendor.version" value="Zulu22.32+15-CA"/>
    <property name="localRepository" value="C:\Users\luan2\.m2\repository"/>
    <property name="java.vendor.url.bug" value="http://www.azul.com/support/"/>
    <property name="java.io.tmpdir" value="C:\Users\luan2\AppData\Local\Temp\"/>
    <property name="idea.version" value="2024.1.1"/>
    <property name="java.version" value="22.0.2"/>
    <property name="user.dir" value="C:\Users\luan2\OneDrive\Documentos\Jogos_Projeto\jogos_projeto-Padrao_Projeto_Maven\demo"/>
    <property name="os.arch" value="amd64"/>
    <property name="java.vm.specification.name" value="Java Virtual Machine Specification"/>
    <property name="sun.os.patch.level" value=""/>
    <property name="native.encoding" value="Cp1252"/>
    <property name="java.library.path" value="C:\Program Files\Java\zulu22.32.15-ca-jdk22.0.2-win_x64\bin;C:\Windows\Sun\Java\bin;C:\Windows\system32;C:\Windows;C:\Program Files\Common Files\Oracle\Java\javapath;C:\Windows\system32;C:\Windows;C:\Windows\System32\Wbem;C:\Windows\System32\WindowsPowerShell\v1.0\;C:\Windows\System32\OpenSSH\;C:\Program Files\dotnet\;C:\Program Files (x86)\NVIDIA Corporation\PhysX\Common;C:\Program Files\NVIDIA Corporation\NVIDIA NvDLISR;C:\msys64\mingw64\bin;C:\msys64\ucrt64\bin;C:\Program Files\nodejs\;C:\Program Files\Java\jdk-22\;C:\Program Files\MySQL\MySQL Server 8.4\bin;C:\Program Files\Git\cmd;C:\Program Files\MySQL\MySQL Shell 8.0\bin\;C:\Users\luan2\AppData\Local\Programs\Python\Python312\Scripts\;C:\Users\luan2\AppData\Local\Programs\Python\Python312\;C:\Users\luan2\AppData\Local\Programs\Python\Launcher\;C:\Users\luan2\AppData\Local\Microsoft\WindowsApps;C:\Users\luan2\AppData\Local\Programs\Microsoft VS Code\bin;C:\msys64\mingw64\bin;C:\msys64\ucrt64\bin;C:\Users\luan2\AppData\Roaming\npm;."/>
    <property name="java.vm.info" value="mixed mode, sharing"/>
    <property name="stderr.encoding" value="Cp1252"/>
    <property name="java.vendor" value="Azul Systems, Inc."/>
    <property name="java.vm.version" value="22.0.2+9"/>
    <property name="sun.io.unicode.encoding" value="UnicodeLittle"/>
    <property name="java.class.version" value="66.0"/>
  </properties>
  <testcase name="testVerificaDisponibilidade" classname="com.example.TesteEstoque" time="0.002">
    <system-out><![CDATA[===== INÍCIO DOS TESTES DE ESTOQUE ======
Código do jogo:5, static:5
Passou no Teste de Disponibilidade de Estoque!
======= FIM DOS TESTES DE ESTOQUE =======
]]></system-out>
  </testcase>
  <testcase name="testRemoverJogo" classname="com.example.TesteEstoque" time="3.551">
    <system-out><![CDATA[===== INÍCIO DOS TESTES DE ESTOQUE ======
Código do jogo:6, static:6
Código do jogo:7, static:7
Passou no Teste de Remover Jogo!
======= FIM DOS TESTES DE ESTOQUE =======
]]></system-out>
  </testcase>
  <testcase name="testGetJogo" classname="com.example.TesteEstoque" time="0.001">
    <system-out><![CDATA[===== INÍCIO DOS TESTES DE ESTOQUE ======
Código do jogo:8, static:8
Passou no Teste de Get Jogo!
======= FIM DOS TESTES DE ESTOQUE =======
]]></system-out>
  </testcase>
  <testcase name="testAdicionarQuantidadeEstoque" classname="com.example.TesteEstoque" time="0.001">
    <system-out><![CDATA[===== INÍCIO DOS TESTES DE ESTOQUE ======
Código do jogo:9, static:9
Passou no Teste de Adicionar Quantidade no Estoque!
======= FIM DOS TESTES DE ESTOQUE =======
]]></system-out>
  </testcase>
  <testcase name="testRemoverQuantidadeEstoque" classname="com.example.TesteEstoque" time="0.001">
    <system-out><![CDATA[===== INÍCIO DOS TESTES DE ESTOQUE ======
Código do jogo:10, static:10
Passou no Teste de Remover Quantidade do Estoque!
======= FIM DOS TESTES DE ESTOQUE =======
]]></system-out>
  </testcase>
  <testcase name="testAdicionarJogoDig" classname="com.example.TesteEstoque" time="0.001">
    <system-out><![CDATA[===== INÍCIO DOS TESTES DE ESTOQUE ======
Código do jogo:11, static:11
Passou no Teste de Adicionar Jogo Digital!
======= FIM DOS TESTES DE ESTOQUE =======
]]></system-out>
  </testcase>
  <testcase name="testAdicionarJogoTab" classname="com.example.TesteEstoque" time="0">
    <system-out><![CDATA[===== INÍCIO DOS TESTES DE ESTOQUE ======
Código do jogo:12, static:12
Passou no Teste de Adicionar Jogo de Tabuleiro!
======= FIM DOS TESTES DE ESTOQUE =======
]]></system-out>
  </testcase>
</testsuite>